[SERVE] Dashboard: http://localhost:8731/dashboard.html
[SERVE] price-feed — tiap 5s[SERVE] orchestrator loop — tiap 120s (Ctrl+C berhenti)

127.0.0.1 - - [18/Jul/2026 21:03:34] "POST /api/run HTTP/1.1" 200 -
127.0.0.1 - - [18/Jul/2026 21:03:49] "POST /api/run HTTP/1.1" 200 -
[CIRCUIT BREAKER] HALT: ⛔ CIRCUIT BREAKER: drawdown harian 44.53% >= 12.00%. Bot HENTI + alert.
[CIRCUIT BREAKER] HALT: ⛔ CIRCUIT BREAKER: drawdown harian 84.15% >= 12.00%. Bot HENTI + alert.
Exception in thread 127.0.0.1 - - [18/Jul/2026 21:04:03] "POST /api/run HTTP/1.1" 200 -
Thread-8 (run):
Traceback (most recent call last):
  File "C:\Users\USER\AppData\Roaming\uv\python\cpython-3.11-windows-x86_64-none\Lib\threading.py", line 1045, in _bootstrap_inner
    self.run()
  File "C:\Users\USER\AppData\Roaming\uv\python\cpython-3.11-windows-x86_64-none\Lib\threading.py", line 982, in run
    self._target(*self._args, **self._kwargs)
  File "C:\Users\USER\trading-desk\core\orchestrator.py", line 160, in run
    self._audit(out["briefing_text"])
                ~~~^^^^^^^^^^^^^^^^^
TypeError: string indices must be integers, not 'str'
[CIRCUIT BREAKER] HALT: ⛔ CIRCUIT BREAKER: drawdown harian 150.79% >= 12.00%. Bot HENTI + alert.
Exception in thread 127.0.0.1 - - [18/Jul/2026 21:04:17] "POST /api/run HTTP/1.1" 200 -
Thread-10 (run):
Traceback (most recent call last):
  File "C:\Users\USER\AppData\Roaming\uv\python\cpython-3.11-windows-x86_64-none\Lib\threading.py", line 1045, in _bootstrap_inner
    self.run()
  File "C:\Users\USER\AppData\Roaming\uv\python\cpython-3.11-windows-x86_64-none\Lib\threading.py", line 982, in run
    self._target(*self._args, **self._kwargs)
  File "C:\Users\USER\trading-desk\core\orchestrator.py", line 160, in run
    self._audit(out["briefing_text"])
                ~~~^^^^^^^^^^^^^^^^^
TypeError: string indices must be integers, not 'str'
[CIRCUIT BREAKER] HALT: ⛔ CIRCUIT BREAKER: drawdown harian 217.43% >= 12.00%. Bot HENTI + alert.
[LOOP] error: string indices must be integers, not 'str'
